<?xml version="1.0" encoding="UTF-8"?>
<!-- Generated by org.testng.reporters.JUnitReportReporter -->
<testsuite hostname="Sumanta-PC" name="com.qeateam.aws.testngAWS.AppTestNG" tests="1" failures="0" timestamp="27 Jun 2017 13:40:04 GMT" time="71.186" errors="0">
  <testcase name="validateLogin" time="71.186" classname="com.qeateam.aws.testngAWS.AppTestNG"/>
</testsuite> <!-- com.qeateam.aws.testngAWS.AppTestNG -->
